Arguments: 
  C:\Program Files\nodejs\node.exe C:\Program Files (x86)\Yarn\bin\yarn.js dev

PATH: 
  C:\Users\Familia\bin;C:\Program Files (x86)\Git\mingw32\bin;C:\Program Files (x86)\Git\usr\local\bin;C:\Program Files (x86)\Git\usr\bin;C:\Program Files (x86)\Git\usr\bin;C:\Program Files (x86)\Git\mingw32\bin;C:\Program Files (x86)\Git\usr\bin;C:\Users\Familia\bin;C:\xpressmp\bin;C:\ProgramData\Oracle\Java\javapath;C:\WINDOWS\system32;C:\WINDOWS;C:\WINDOWS\System32\Wbem;C:\WINDOWS\System32\WindowsPowerShell\v1.0;C:\Program Files (x86)\Skype\Phone;C:\Program Files (x86)\NVIDIA Corporation\PhysX\Common;C:\WINDOWS\system32;C:\WINDOWS;C:\WINDOWS\System32\Wbem;C:\WINDOWS\System32\WindowsPowerShell\v1.0;C:\Program Files (x86)\GtkSharp\2.12\bin;C:\Program Files\IBM\Bluemix\bin;C:\Program Files\Git\cmd;C:\Program Files\Cloud Foundry;C:\Program Files\dotnet;C:\Program Files\nodejs;C:\Program Files (x86)\OpenVPN\bin;C:\Program Files\MATLAB\R2017b\bin;C:\Program Files (x86)\Heroku\bin;C:\Program Files (x86)\git\cmd;C:\Program Files (x86)\Git\cmd;C:\HashiCorp\Vagrant\bin;C:\Program Files\PuTTY;C:\Program Files (x86)\Yarn\bin;C:\RailsInstaller\Git\cmd;C:\RailsInstaller\Ruby2.3.3\bin;C:\Users\Familia\AppData\Local\Microsoft\WindowsApps;C:\Users\Familia\AppData\Local\atom\bin;C:\Users\Familia\AppData\Roaming\npm;C:\Users\Familia\AppData\Local\GitHubDesktop\bin;C:\Users\Familia\AppData\Local\Microsoft\WindowsApps;C:\Users\Familia\AppData\Local\Yarn\bin;C:\Program Files (x86)\Git\usr\bin\vendor_perl;C:\Program Files (x86)\Git\usr\bin\core_perl

Yarn version: 
  1.5.1

Node version: 
  6.11.3

Platform: 
  win32 x64

npm manifest: 
  {
    "name": "ejemplo",
    "version": "1.0.0",
    "description":
      "Para encontrar los huecos en comun IYKWIM",
    "author": {
      "name": "sergio Pardo",
      "email": "carnifis@gmail.com"
    },
    "license": "MIT",
    "scripts": {
      "client": "cd client && yarn start",
      "server": "nodemon server.js",
      "dev": "concurrently --kill-others-on-fail \"yarn server\" \"yarn client\""
    },
    "dependencies": {
      "express": "^4.16.2"
    },
    "devDependencies": {
      "concurrently": "^3.5.0"
    },
    "repository": {
      "type": "git",
      "url": "https://github.com/sapardo10/huecoExplorator"
    },
    "keywords": ["node", "express", "create-react-app"]
  }

yarn manifest: 
  No manifest

Lockfile: 
  No lockfile

Trace: 
  Error: Command failed.
  Exit code: 1
  Command: C:\WINDOWS\system32\cmd.exe
  Arguments: /d /s /c concurrently --kill-others-on-fail "yarn server" "yarn client"
  Directory: C:\Users\Familia\Documents\GitHub\huecoExplorator\ejemplo
  Output:
  
      at ProcessTermError.Error (native)
      at ProcessTermError.MessageError (C:\Program Files (x86)\Yarn\lib\cli.js:186:110)
      at new ProcessTermError (C:\Program Files (x86)\Yarn\lib\cli.js:226:113)
      at ChildProcess.<anonymous> (C:\Program Files (x86)\Yarn\lib\cli.js:30281:17)
      at emitTwo (events.js:106:13)
      at ChildProcess.emit (events.js:191:7)
      at maybeClose (internal/child_process.js:920:16)
      at Process.ChildProcess._handle.onexit (internal/child_process.js:230:5)
